<?xml version="1.0" ?>
<!DOCTYPE coverage SYSTEM "http://cobertura.sourceforge.net/xml/coverage-04.dtd">
<coverage lines-valid="320" lines-covered="231" line-rate="0.7219" branches-valid="149" branches-covered="98" branch-rate="0.6577" timestamp="1548252737091" complexity="0" version="0.1">
  <sources>
    <source>/home/ralph/progman/Obojobo/packages/obojobo-document-xml-parser</source>
  </sources>
  <packages>
    <package name="obojobo-document-xml-parser" line-rate="1" branch-rate="1">
      <classes>
        <class name="xml-to-draft-object.js" filename="xml-to-draft-object.js" line-rate="1" branch-rate="1">
          <methods>
            <method name="(anonymous_0)" hits="1" signature="()V">
              <lines>
                <line number="25" hits="1"/>
              </lines>
            </method>
            <method name="(anonymous_1)" hits="507" signature="()V">
              <lines>
                <line number="28" hits="507"/>
              </lines>
            </method>
            <method name="(anonymous_2)" hits="214" signature="()V">
              <lines>
                <line number="49" hits="214"/>
              </lines>
            </method>
            <method name="(anonymous_3)" hits="34" signature="()V">
              <lines>
                <line number="67" hits="34"/>
              </lines>
            </method>
          </methods>
          <lines>
            <line number="1" hits="1" branch="false"/>
            <line number="3" hits="1" branch="false"/>
            <line number="4" hits="1" branch="false"/>
            <line number="5" hits="1" branch="false"/>
            <line number="6" hits="1" branch="false"/>
            <line number="7" hits="1" branch="false"/>
            <line number="10" hits="1" branch="false"/>
            <line number="11" hits="1" branch="false"/>
            <line number="12" hits="1" branch="false"/>
            <line number="13" hits="1" branch="false"/>
            <line number="14" hits="1" branch="false"/>
            <line number="15" hits="1" branch="false"/>
            <line number="16" hits="1" branch="false"/>
            <line number="18" hits="1" branch="false"/>
            <line number="25" hits="1" branch="false"/>
            <line number="28" hits="1" branch="false"/>
            <line number="29" hits="507" branch="false"/>
            <line number="31" hits="473" branch="false"/>
            <line number="34" hits="507" branch="true" condition-coverage="100% (2/2)"/>
            <line number="36" hits="77" branch="false"/>
            <line number="37" hits="77" branch="false"/>
            <line number="38" hits="77" branch="false"/>
            <line number="40" hits="430" branch="true" condition-coverage="100% (4/4)"/>
            <line number="42" hits="94" branch="false"/>
            <line number="43" hits="94" branch="false"/>
            <line number="44" hits="94" branch="false"/>
            <line number="49" hits="1" branch="false"/>
            <line number="50" hits="214" branch="true" condition-coverage="100% (2/2)"/>
            <line number="52" hits="6" branch="false"/>
            <line number="57" hits="6" branch="false"/>
            <line number="58" hits="6" branch="false"/>
            <line number="61" hits="214" branch="false"/>
            <line number="63" hits="180" branch="false"/>
            <line number="67" hits="1" branch="true" condition-coverage="100% (1/1)"/>
            <line number="68" hits="34" branch="false"/>
            <line number="75" hits="34" branch="false"/>
            <line number="76" hits="34" branch="false"/>
            <line number="77" hits="34" branch="false"/>
            <line number="78" hits="34" branch="false"/>
            <line number="79" hits="34" branch="false"/>
            <line number="80" hits="34" branch="false"/>
            <line number="81" hits="34" branch="false"/>
            <line number="84" hits="34" branch="false"/>
          </lines>
        </class>
      </classes>
    </package>
    <package name="obojobo-document-xml-parser.src" line-rate="0.6787000000000001" branch-rate="0.6357">
      <classes>
        <class name="assessment-rubric-parser.js" filename="src/assessment-rubric-parser.js" line-rate="1" branch-rate="0.8">
          <methods>
            <method name="(anonymous_0)" hits="1" signature="()V">
              <lines>
                <line number="1" hits="1"/>
              </lines>
            </method>
            <method name="(anonymous_1)" hits="2" signature="()V">
              <lines>
                <line number="5" hits="2"/>
              </lines>
            </method>
            <method name="(anonymous_2)" hits="2" signature="()V">
              <lines>
                <line number="18" hits="2"/>
              </lines>
            </method>
          </methods>
          <lines>
            <line number="1" hits="1" branch="false"/>
            <line number="2" hits="1" branch="false"/>
            <line number="3" hits="1" branch="true" condition-coverage="80% (4/5)"/>
            <line number="5" hits="2" branch="false"/>
            <line number="8" hits="1" branch="false"/>
            <line number="18" hits="1" branch="false"/>
            <line number="19" hits="2" branch="false"/>
            <line number="25" hits="1" branch="false"/>
          </lines>
        </class>
        <class name="attr-element-to-attr-item.js" filename="src/attr-element-to-attr-item.js" line-rate="1" branch-rate="1">
          <methods>
            <method name="(anonymous_0)" hits="1028" signature="()V">
              <lines>
                <line number="1" hits="1028"/>
              </lines>
            </method>
          </methods>
          <lines>
            <line number="1" hits="1" branch="false"/>
            <line number="2" hits="1028" branch="true" condition-coverage="100% (2/2)"/>
            <line number="4" hits="962" branch="false"/>
            <line number="6" hits="1818" branch="true" condition-coverage="100% (2/2)"/>
            <line number="8" hits="994" branch="false"/>
            <line number="12" hits="962" branch="true" condition-coverage="100% (2/2)"/>
            <line number="15" hits="227" branch="false"/>
            <line number="17" hits="291" branch="false"/>
            <line number="19" hits="291" branch="true" condition-coverage="100% (2/2)"/>
            <line number="21" hits="76" branch="true" condition-coverage="100% (2/2)"/>
            <line number="22" hits="76" branch="false"/>
            <line number="23" hits="76" branch="false"/>
            <line number="29" hits="1" branch="false"/>
          </lines>
        </class>
        <class name="create-text-group.js" filename="src/create-text-group.js" line-rate="1" branch-rate="1">
          <methods>
            <method name="(anonymous_0)" hits="37" signature="()V">
              <lines>
                <line number="1" hits="37"/>
              </lines>
            </method>
          </methods>
          <lines>
            <line number="1" hits="1" branch="false"/>
            <line number="2" hits="37" branch="false"/>
            <line number="17" hits="1" branch="false"/>
          </lines>
        </class>
        <class name="draft-json-transform.js" filename="src/draft-json-transform.js" line-rate="1" branch-rate="0.9167000000000001">
          <methods>
            <method name="(anonymous_0)" hits="219" signature="()V">
              <lines>
                <line number="3" hits="219"/>
              </lines>
            </method>
            <method name="(anonymous_1)" hits="219" signature="()V">
              <lines>
                <line number="9" hits="219"/>
              </lines>
            </method>
            <method name="(anonymous_2)" hits="998" signature="()V">
              <lines>
                <line number="31" hits="998"/>
              </lines>
            </method>
          </methods>
          <lines>
            <line number="1" hits="1" branch="false"/>
            <line number="3" hits="1" branch="false"/>
            <line number="4" hits="219" branch="true" condition-coverage="50% (1/2)"/>
            <line number="5" hits="219" branch="true" condition-coverage="50% (1/2)"/>
            <line number="6" hits="219" branch="false"/>
            <line number="9" hits="1" branch="false"/>
            <line number="10" hits="219" branch="false"/>
            <line number="12" hits="184" branch="false"/>
            <line number="13" hits="184" branch="false"/>
            <line number="14" hits="184" branch="true" condition-coverage="100% (2/2)"/>
            <line number="16" hits="42" branch="false"/>
            <line number="18" hits="142" branch="true" condition-coverage="100% (2/2)"/>
            <line number="20" hits="2" branch="false"/>
            <line number="22" hits="140" branch="true" condition-coverage="100% (2/2)"/>
            <line number="24" hits="2" branch="false"/>
            <line number="28" hits="219" branch="false"/>
            <line number="31" hits="1" branch="false"/>
            <line number="32" hits="998" branch="true" condition-coverage="100% (2/2)"/>
            <line number="34" hits="932" branch="false"/>
            <line number="36" hits="1631" branch="true" condition-coverage="100% (2/2)"/>
            <line number="38" hits="964" branch="false"/>
            <line number="42" hits="932" branch="false"/>
            <line number="44" hits="1631" branch="true" condition-coverage="100% (6/6)"/>
            <line number="46" hits="219" branch="false"/>
            <line number="47" hits="219" branch="true" condition-coverage="100% (2/2)"/>
            <line number="49" hits="98" branch="false"/>
            <line number="52" hits="219" branch="true" condition-coverage="100% (2/2)"/>
            <line number="54" hits="26" branch="false"/>
            <line number="57" hits="219" branch="false"/>
            <line number="58" hits="219" branch="false"/>
            <line number="60" hits="219" branch="false"/>
            <line number="70" hits="1" branch="false"/>
          </lines>
        </class>
        <class name="extension-transform.js" filename="src/extension-transform.js" line-rate="0.1346" branch-rate="0.10339999999999999">
          <methods>
            <method name="(anonymous_0)" hits="0" signature="()V">
              <lines>
                <line number="1" hits="0"/>
              </lines>
            </method>
            <method name="(anonymous_1)" hits="0" signature="()V">
              <lines>
                <line number="6" hits="0"/>
              </lines>
            </method>
            <method name="(anonymous_2)" hits="0" signature="()V">
              <lines>
                <line number="14" hits="0"/>
              </lines>
            </method>
            <method name="(anonymous_3)" hits="428" signature="()V">
              <lines>
                <line number="17" hits="428"/>
              </lines>
            </method>
            <method name="(anonymous_4)" hits="0" signature="()V">
              <lines>
                <line number="27" hits="0"/>
              </lines>
            </method>
            <method name="(anonymous_5)" hits="0" signature="()V">
              <lines>
                <line number="43" hits="0"/>
              </lines>
            </method>
            <method name="(anonymous_6)" hits="0" signature="()V">
              <lines>
                <line number="116" hits="0"/>
              </lines>
            </method>
            <method name="(anonymous_7)" hits="0" signature="()V">
              <lines>
                <line number="118" hits="0"/>
              </lines>
            </method>
          </methods>
          <lines>
            <line number="1" hits="1" branch="false"/>
            <line number="4" hits="0" branch="true" condition-coverage="0% (0/2)"/>
            <line number="6" hits="0" branch="false"/>
            <line number="9" hits="0" branch="true" condition-coverage="0% (0/2)"/>
            <line number="11" hits="0" branch="false"/>
            <line number="14" hits="0" branch="false"/>
            <line number="17" hits="1" branch="false"/>
            <line number="19" hits="428" branch="true" condition-coverage="50% (1/2)"/>
            <line number="21" hits="0" branch="true" condition-coverage="0% (0/1)"/>
            <line number="24" hits="0" branch="false"/>
            <line number="27" hits="0" branch="false"/>
            <line number="28" hits="0" branch="true" condition-coverage="0% (0/2)"/>
            <line number="32" hits="0" branch="false"/>
            <line number="33" hits="0" branch="false"/>
            <line number="36" hits="0" branch="false"/>
            <line number="37" hits="0" branch="false"/>
            <line number="43" hits="0" branch="false"/>
            <line number="44" hits="0" branch="true" condition-coverage="0% (0/4)"/>
            <line number="47" hits="0" branch="false"/>
            <line number="48" hits="0" branch="false"/>
            <line number="51" hits="0" branch="false"/>
            <line number="52" hits="0" branch="false"/>
            <line number="55" hits="0" branch="false"/>
            <line number="56" hits="0" branch="false"/>
            <line number="59" hits="0" branch="false"/>
            <line number="60" hits="0" branch="false"/>
            <line number="64" hits="0" branch="false"/>
            <line number="79" hits="0" branch="true" condition-coverage="0% (0/2)"/>
            <line number="81" hits="0" branch="false"/>
            <line number="90" hits="0" branch="true" condition-coverage="0% (0/2)"/>
            <line number="92" hits="0" branch="false"/>
            <line number="113" hits="0" branch="false"/>
            <line number="118" hits="0" branch="false"/>
            <line number="119" hits="0" branch="true" condition-coverage="0% (0/2)"/>
            <line number="121" hits="0" branch="false"/>
            <line number="122" hits="0" branch="false"/>
            <line number="126" hits="0" branch="false"/>
            <line number="147" hits="0" branch="true" condition-coverage="0% (0/2)"/>
            <line number="149" hits="0" branch="false"/>
            <line number="150" hits="0" branch="true" condition-coverage="0% (0/4)"/>
            <line number="152" hits="0" branch="false"/>
            <line number="155" hits="0" branch="false"/>
            <line number="168" hits="0" branch="false"/>
            <line number="172" hits="0" branch="false"/>
            <line number="173" hits="0" branch="false"/>
            <line number="174" hits="0" branch="false"/>
            <line number="175" hits="0" branch="false"/>
            <line number="177" hits="0" branch="false"/>
            <line number="180" hits="428" branch="true" condition-coverage="100% (2/2)"/>
            <line number="182" hits="312" branch="false"/>
            <line number="184" hits="394" branch="false"/>
            <line number="189" hits="1" branch="false"/>
          </lines>
        </class>
        <class name="generate-id.js" filename="src/generate-id.js" line-rate="0.5" branch-rate="0">
          <methods>
            <method name="(anonymous_0)" hits="0" signature="()V">
              <lines>
                <line number="1" hits="0"/>
              </lines>
            </method>
            <method name="b" hits="0" signature="()V">
              <lines>
                <line number="2" hits="0"/>
              </lines>
            </method>
          </methods>
          <lines>
            <line number="1" hits="1" branch="false"/>
            <line number="2" hits="0" branch="true" condition-coverage="0% (0/2)"/>
          </lines>
        </class>
        <class name="html-transform.js" filename="src/html-transform.js" line-rate="0.8125" branch-rate="0.7805">
          <methods>
            <method name="(anonymous_0)" hits="39" signature="()V">
              <lines>
                <line number="3" hits="39"/>
              </lines>
            </method>
            <method name="(anonymous_1)" hits="3" signature="()V">
              <lines>
                <line number="9" hits="3"/>
              </lines>
            </method>
            <method name="(anonymous_2)" hits="507" signature="()V">
              <lines>
                <line number="16" hits="507"/>
              </lines>
            </method>
            <method name="(anonymous_3)" hits="4" signature="()V">
              <lines>
                <line number="50" hits="4"/>
              </lines>
            </method>
            <method name="(anonymous_4)" hits="2" signature="()V">
              <lines>
                <line number="80" hits="2"/>
              </lines>
            </method>
            <method name="(anonymous_5)" hits="3" signature="()V">
              <lines>
                <line number="158" hits="3"/>
              </lines>
            </method>
            <method name="(anonymous_6)" hits="3" signature="()V">
              <lines>
                <line number="159" hits="3"/>
              </lines>
            </method>
            <method name="(anonymous_7)" hits="3" signature="()V">
              <lines>
                <line number="167" hits="3"/>
              </lines>
            </method>
          </methods>
          <lines>
            <line number="1" hits="1" branch="false"/>
            <line number="3" hits="1" branch="false"/>
            <line number="4" hits="39" branch="true" condition-coverage="100% (5/5)"/>
            <line number="6" hits="3" branch="false"/>
            <line number="7" hits="3" branch="false"/>
            <line number="9" hits="3" branch="false"/>
            <line number="10" hits="3" branch="true" condition-coverage="50% (1/2)"/>
            <line number="11" hits="3" branch="false"/>
            <line number="16" hits="1" branch="false"/>
            <line number="17" hits="507" branch="true" condition-coverage="100% (2/2)"/>
            <line number="19" hits="390" branch="true" condition-coverage="100% (2/2)"/>
            <line number="21" hits="390" branch="true" condition-coverage="90% (9/10)"/>
            <line number="25" hits="6" branch="true" condition-coverage="50% (1/2)"/>
            <line number="26" hits="6" branch="false"/>
            <line number="27" hits="6" branch="false"/>
            <line number="28" hits="6" branch="false"/>
            <line number="35" hits="6" branch="false"/>
            <line number="38" hits="6" branch="false"/>
            <line number="42" hits="2" branch="false"/>
            <line number="44" hits="2" branch="false"/>
            <line number="45" hits="2" branch="true" condition-coverage="100% (2/2)"/>
            <line number="46" hits="2" branch="false"/>
            <line number="51" hits="4" branch="false"/>
            <line number="52" hits="4" branch="false"/>
            <line number="60" hits="2" branch="false"/>
            <line number="62" hits="2" branch="false"/>
            <line number="70" hits="31" branch="false"/>
            <line number="71" hits="31" branch="false"/>
            <line number="72" hits="31" branch="false"/>
            <line number="74" hits="31" branch="false"/>
            <line number="78" hits="2" branch="false"/>
            <line number="80" hits="2" branch="false"/>
            <line number="81" hits="2" branch="false"/>
            <line number="82" hits="2" branch="false"/>
            <line number="84" hits="0" branch="false"/>
            <line number="85" hits="0" branch="false"/>
            <line number="88" hits="2" branch="true" condition-coverage="50% (1/2)"/>
            <line number="90" hits="2" branch="false"/>
            <line number="101" hits="2" branch="false"/>
            <line number="107" hits="2" branch="false"/>
            <line number="109" hits="2" branch="false"/>
            <line number="112" hits="1" branch="false"/>
            <line number="114" hits="1" branch="false"/>
            <line number="120" hits="0" branch="false"/>
            <line number="121" hits="0" branch="false"/>
            <line number="122" hits="0" branch="false"/>
            <line number="124" hits="0" branch="true" condition-coverage="0% (0/2)"/>
            <line number="127" hits="0" branch="false"/>
            <line number="128" hits="0" branch="false"/>
            <line number="131" hits="0" branch="false"/>
            <line number="132" hits="0" branch="false"/>
            <line number="135" hits="0" branch="false"/>
            <line number="136" hits="0" branch="true" condition-coverage="0% (0/2)"/>
            <line number="137" hits="0" branch="false"/>
            <line number="138" hits="0" branch="false"/>
            <line number="139" hits="0" branch="false"/>
            <line number="142" hits="4" branch="false"/>
            <line number="143" hits="4" branch="true" condition-coverage="100% (4/4)"/>
            <line number="145" hits="1" branch="false"/>
            <line number="147" hits="4" branch="true" condition-coverage="50% (1/2)"/>
            <line number="148" hits="4" branch="false"/>
            <line number="149" hits="4" branch="false"/>
            <line number="150" hits="4" branch="false"/>
            <line number="153" hits="2" branch="false"/>
            <line number="154" hits="2" branch="false"/>
            <line number="155" hits="2" branch="false"/>
            <line number="157" hits="2" branch="false"/>
            <line number="158" hits="2" branch="false"/>
            <line number="159" hits="3" branch="false"/>
            <line number="160" hits="3" branch="false"/>
            <line number="164" hits="2" branch="false"/>
            <line number="168" hits="3" branch="false"/>
            <line number="181" hits="2" branch="false"/>
            <line number="182" hits="2" branch="false"/>
            <line number="183" hits="2" branch="false"/>
            <line number="186" hits="390" branch="true" condition-coverage="100% (2/2)"/>
            <line number="189" hits="507" branch="true" condition-coverage="100% (2/2)"/>
            <line number="191" hits="391" branch="false"/>
            <line number="193" hits="473" branch="false"/>
            <line number="198" hits="1" branch="false"/>
          </lines>
        </class>
        <class name="list-styles-parser.js" filename="src/list-styles-parser.js" line-rate="0.5" branch-rate="0.5">
          <methods>
            <method name="(anonymous_0)" hits="4" signature="()V">
              <lines>
                <line number="1" hits="4"/>
              </lines>
            </method>
            <method name="(anonymous_1)" hits="8" signature="()V">
              <lines>
                <line number="4" hits="8"/>
              </lines>
            </method>
            <method name="(anonymous_2)" hits="0" signature="()V">
              <lines>
                <line number="20" hits="0"/>
              </lines>
            </method>
          </methods>
          <lines>
            <line number="1" hits="1" branch="false"/>
            <line number="2" hits="4" branch="false"/>
            <line number="4" hits="4" branch="false"/>
            <line number="5" hits="8" branch="true" condition-coverage="50% (1/2)"/>
            <line number="8" hits="4" branch="false"/>
            <line number="9" hits="4" branch="false"/>
            <line number="12" hits="0" branch="false"/>
            <line number="13" hits="0" branch="false"/>
            <line number="17" hits="4" branch="false"/>
            <line number="20" hits="1" branch="false"/>
            <line number="21" hits="0" branch="false"/>
            <line number="22" hits="0" branch="false"/>
            <line number="24" hits="0" branch="false"/>
            <line number="25" hits="0" branch="false"/>
            <line number="26" hits="0" branch="false"/>
            <line number="27" hits="0" branch="false"/>
            <line number="30" hits="0" branch="false"/>
            <line number="33" hits="1" branch="false"/>
          </lines>
        </class>
        <class name="name-transformer.js" filename="src/name-transformer.js" line-rate="1" branch-rate="1">
          <methods>
            <method name="(anonymous_0)" hits="428" signature="()V">
              <lines>
                <line number="1" hits="428"/>
              </lines>
            </method>
          </methods>
          <lines>
            <line number="1" hits="1" branch="false"/>
            <line number="2" hits="428" branch="true" condition-coverage="100% (2/2)"/>
            <line number="4" hits="311" branch="true" condition-coverage="100% (2/2)"/>
            <line number="6" hits="136" branch="false"/>
            <line number="10" hits="428" branch="false"/>
            <line number="12" hits="394" branch="false"/>
            <line number="16" hits="1" branch="false"/>
            <line number="41" hits="1" branch="false"/>
          </lines>
        </class>
        <class name="score-action-parser.js" filename="src/score-action-parser.js" line-rate="1" branch-rate="1">
          <methods>
            <method name="(anonymous_0)" hits="2" signature="()V">
              <lines>
                <line number="1" hits="2"/>
              </lines>
            </method>
            <method name="(anonymous_1)" hits="3" signature="()V">
              <lines>
                <line number="3" hits="3"/>
              </lines>
            </method>
            <method name="(anonymous_2)" hits="3" signature="()V">
              <lines>
                <line number="7" hits="3"/>
              </lines>
            </method>
          </methods>
          <lines>
            <line number="1" hits="1" branch="false"/>
            <line number="2" hits="2" branch="false"/>
            <line number="3" hits="3" branch="false"/>
            <line number="7" hits="1" branch="false"/>
            <line number="8" hits="3" branch="false"/>
            <line number="16" hits="1" branch="false"/>
          </lines>
        </class>
        <class name="text-group-parser.js" filename="src/text-group-parser.js" line-rate="0.4865" branch-rate="0.46149999999999997">
          <methods>
            <method name="(anonymous_0)" hits="65" signature="()V">
              <lines>
                <line number="1" hits="65"/>
              </lines>
            </method>
            <method name="(anonymous_1)" hits="77" signature="()V">
              <lines>
                <line number="16" hits="77"/>
              </lines>
            </method>
            <method name="(anonymous_2)" hits="77" signature="()V">
              <lines>
                <line number="44" hits="77"/>
              </lines>
            </method>
          </methods>
          <lines>
            <line number="1" hits="1" branch="false"/>
            <line number="4" hits="65" branch="false"/>
            <line number="6" hits="65" branch="false"/>
            <line number="8" hits="77" branch="false"/>
            <line number="13" hits="65" branch="false"/>
            <line number="16" hits="1" branch="false"/>
            <line number="21" hits="77" branch="false"/>
            <line number="31" hits="77" branch="false"/>
            <line number="34" hits="77" branch="false"/>
            <line number="41" hits="77" branch="false"/>
            <line number="44" hits="1" branch="false"/>
            <line number="46" hits="77" branch="true" condition-coverage="50% (1/2)"/>
            <line number="48" hits="77" branch="true" condition-coverage="75% (3/4)"/>
            <line number="50" hits="77" branch="false"/>
            <line number="54" hits="77" branch="false"/>
            <line number="55" hits="77" branch="false"/>
            <line number="56" hits="77" branch="false"/>
            <line number="60" hits="0" branch="false"/>
            <line number="61" hits="0" branch="false"/>
            <line number="62" hits="0" branch="true" condition-coverage="0% (0/5)"/>
            <line number="65" hits="0" branch="false"/>
            <line number="66" hits="0" branch="false"/>
            <line number="69" hits="0" branch="false"/>
            <line number="72" hits="0" branch="false"/>
            <line number="75" hits="0" branch="false"/>
            <line number="76" hits="0" branch="false"/>
            <line number="79" hits="0" branch="false"/>
            <line number="80" hits="0" branch="false"/>
            <line number="81" hits="0" branch="false"/>
            <line number="84" hits="0" branch="false"/>
            <line number="85" hits="0" branch="false"/>
            <line number="88" hits="0" branch="false"/>
            <line number="95" hits="0" branch="false"/>
            <line number="97" hits="0" branch="false"/>
            <line number="99" hits="0" branch="false"/>
            <line number="102" hits="0" branch="false"/>
            <line number="105" hits="1" branch="false"/>
          </lines>
        </class>
        <class name="triggers-parser.js" filename="src/triggers-parser.js" line-rate="1" branch-rate="0.7">
          <methods>
            <method name="(anonymous_0)" hits="1" signature="()V">
              <lines>
                <line number="1" hits="1"/>
              </lines>
            </method>
            <method name="(anonymous_1)" hits="1" signature="()V">
              <lines>
                <line number="2" hits="1"/>
              </lines>
            </method>
            <method name="(anonymous_2)" hits="1" signature="()V">
              <lines>
                <line number="12" hits="1"/>
              </lines>
            </method>
            <method name="(anonymous_3)" hits="1" signature="()V">
              <lines>
                <line number="13" hits="1"/>
              </lines>
            </method>
            <method name="(anonymous_4)" hits="1" signature="()V">
              <lines>
                <line number="23" hits="1"/>
              </lines>
            </method>
          </methods>
          <lines>
            <line number="1" hits="1" branch="false"/>
            <line number="2" hits="1" branch="false"/>
            <line number="3" hits="1" branch="false"/>
            <line number="9" hits="1" branch="false"/>
            <line number="12" hits="1" branch="false"/>
            <line number="13" hits="1" branch="false"/>
            <line number="14" hits="1" branch="false"/>
            <line number="15" hits="1" branch="false"/>
            <line number="18" hits="1" branch="true" condition-coverage="50% (1/2)"/>
            <line number="19" hits="1" branch="false"/>
            <line number="23" hits="1" branch="false"/>
            <line number="24" hits="1" branch="true" condition-coverage="75% (3/4)"/>
            <line number="25" hits="1" branch="true" condition-coverage="75% (3/4)"/>
            <line number="26" hits="1" branch="false"/>
            <line number="27" hits="1" branch="false"/>
            <line number="28" hits="2" branch="false"/>
            <line number="31" hits="1" branch="false"/>
            <line number="34" hits="1" branch="false"/>
          </lines>
        </class>
      </classes>
    </package>
  </packages>
</coverage>
