<?xml version="1.0" ?>
<!DOCTYPE coverage SYSTEM "http://cobertura.sourceforge.net/xml/coverage-04.dtd">
<coverage lines-valid="322" lines-covered="231" line-rate="0.7173999999999999" branches-valid="153" branches-covered="98" branch-rate="0.6405" timestamp="1549995965114" complexity="0" version="0.1">
  <sources>
    <source>/Users/el999786/Documents/Obojobo/packages/obojobo-document-xml-parser</source>
  </sources>
  <packages>
    <package name="obojobo-document-xml-parser" line-rate="1" branch-rate="1">
      <classes>
        <class name="xml-to-draft-object.js" filename="xml-to-draft-object.js" line-rate="1" branch-rate="1">
          <methods>
            <method name="(anonymous_0)" hits="1" signature="()V">
              <lines>
                <line number="25" hits="1"/>
              </lines>
            </method>
            <method name="(anonymous_1)" hits="503" signature="()V">
              <lines>
                <line number="28" hits="503"/>
              </lines>
            </method>
            <method name="(anonymous_2)" hits="213" signature="()V">
              <lines>
                <line number="49" hits="213"/>
              </lines>
            </method>
            <method name="(anonymous_3)" hits="34" signature="()V">
              <lines>
                <line number="67" hits="34"/>
              </lines>
            </method>
          </methods>
          <lines>
            <line number="1" hits="1" branch="false"/>
            <line number="3" hits="1" branch="false"/>
            <line number="4" hits="1" branch="false"/>
            <line number="5" hits="1" branch="false"/>
            <line number="6" hits="1" branch="false"/>
            <line number="7" hits="1" branch="false"/>
            <line number="10" hits="1" branch="false"/>
            <line number="11" hits="1" branch="false"/>
            <line number="12" hits="1" branch="false"/>
            <line number="13" hits="1" branch="false"/>
            <line number="14" hits="1" branch="false"/>
            <line number="15" hits="1" branch="false"/>
            <line number="16" hits="1" branch="false"/>
            <line number="18" hits="1" branch="false"/>
            <line number="25" hits="1" branch="false"/>
            <line number="28" hits="1" branch="false"/>
            <line number="29" hits="503" branch="false"/>
            <line number="31" hits="469" branch="false"/>
            <line number="34" hits="503" branch="true" condition-coverage="100% (2/2)"/>
            <line number="36" hits="76" branch="false"/>
            <line number="37" hits="76" branch="false"/>
            <line number="38" hits="76" branch="false"/>
            <line number="40" hits="427" branch="true" condition-coverage="100% (4/4)"/>
            <line number="42" hits="93" branch="false"/>
            <line number="43" hits="93" branch="false"/>
            <line number="44" hits="93" branch="false"/>
            <line number="49" hits="1" branch="false"/>
            <line number="50" hits="213" branch="true" condition-coverage="100% (2/2)"/>
            <line number="52" hits="6" branch="false"/>
            <line number="57" hits="6" branch="false"/>
            <line number="58" hits="6" branch="false"/>
            <line number="61" hits="213" branch="false"/>
            <line number="63" hits="179" branch="false"/>
            <line number="67" hits="1" branch="true" condition-coverage="100% (1/1)"/>
            <line number="68" hits="34" branch="false"/>
            <line number="75" hits="34" branch="false"/>
            <line number="76" hits="34" branch="false"/>
            <line number="77" hits="34" branch="false"/>
            <line number="78" hits="34" branch="false"/>
            <line number="79" hits="34" branch="false"/>
            <line number="80" hits="34" branch="false"/>
            <line number="81" hits="34" branch="false"/>
            <line number="84" hits="34" branch="false"/>
          </lines>
        </class>
      </classes>
    </package>
    <package name="obojobo-document-xml-parser.src" line-rate="0.6738" branch-rate="0.6181">
      <classes>
        <class name="assessment-rubric-parser.js" filename="src/assessment-rubric-parser.js" line-rate="1" branch-rate="0.8">
          <methods>
            <method name="(anonymous_0)" hits="1" signature="()V">
              <lines>
                <line number="1" hits="1"/>
              </lines>
            </method>
            <method name="(anonymous_1)" hits="2" signature="()V">
              <lines>
                <line number="5" hits="2"/>
              </lines>
            </method>
            <method name="(anonymous_2)" hits="2" signature="()V">
              <lines>
                <line number="18" hits="2"/>
              </lines>
            </method>
          </methods>
          <lines>
            <line number="1" hits="1" branch="false"/>
            <line number="2" hits="1" branch="false"/>
            <line number="3" hits="1" branch="true" condition-coverage="80% (4/5)"/>
            <line number="5" hits="2" branch="false"/>
            <line number="8" hits="1" branch="false"/>
            <line number="18" hits="1" branch="false"/>
            <line number="19" hits="2" branch="false"/>
            <line number="25" hits="1" branch="false"/>
          </lines>
        </class>
        <class name="attr-element-to-attr-item.js" filename="src/attr-element-to-attr-item.js" line-rate="1" branch-rate="1">
          <methods>
            <method name="(anonymous_0)" hits="1020" signature="()V">
              <lines>
                <line number="1" hits="1020"/>
              </lines>
            </method>
          </methods>
          <lines>
            <line number="1" hits="1" branch="false"/>
            <line number="2" hits="1020" branch="true" condition-coverage="100% (2/2)"/>
            <line number="4" hits="954" branch="false"/>
            <line number="6" hits="1804" branch="true" condition-coverage="100% (2/2)"/>
            <line number="8" hits="986" branch="false"/>
            <line number="12" hits="954" branch="true" condition-coverage="100% (2/2)"/>
            <line number="15" hits="226" branch="false"/>
            <line number="17" hits="289" branch="false"/>
            <line number="19" hits="289" branch="true" condition-coverage="100% (2/2)"/>
            <line number="21" hits="75" branch="true" condition-coverage="100% (2/2)"/>
            <line number="22" hits="75" branch="false"/>
            <line number="23" hits="75" branch="false"/>
            <line number="29" hits="1" branch="false"/>
          </lines>
        </class>
        <class name="create-text-group.js" filename="src/create-text-group.js" line-rate="1" branch-rate="1">
          <methods>
            <method name="(anonymous_0)" hits="36" signature="()V">
              <lines>
                <line number="1" hits="36"/>
              </lines>
            </method>
          </methods>
          <lines>
            <line number="1" hits="1" branch="false"/>
            <line number="2" hits="36" branch="false"/>
            <line number="17" hits="1" branch="false"/>
          </lines>
        </class>
        <class name="draft-json-transform.js" filename="src/draft-json-transform.js" line-rate="1" branch-rate="0.9167000000000001">
          <methods>
            <method name="(anonymous_0)" hits="218" signature="()V">
              <lines>
                <line number="3" hits="218"/>
              </lines>
            </method>
            <method name="(anonymous_1)" hits="218" signature="()V">
              <lines>
                <line number="9" hits="218"/>
              </lines>
            </method>
            <method name="(anonymous_2)" hits="990" signature="()V">
              <lines>
                <line number="31" hits="990"/>
              </lines>
            </method>
          </methods>
          <lines>
            <line number="1" hits="1" branch="false"/>
            <line number="3" hits="1" branch="false"/>
            <line number="4" hits="218" branch="true" condition-coverage="50% (1/2)"/>
            <line number="5" hits="218" branch="true" condition-coverage="50% (1/2)"/>
            <line number="6" hits="218" branch="false"/>
            <line number="9" hits="1" branch="false"/>
            <line number="10" hits="218" branch="false"/>
            <line number="12" hits="183" branch="false"/>
            <line number="13" hits="183" branch="false"/>
            <line number="14" hits="183" branch="true" condition-coverage="100% (2/2)"/>
            <line number="16" hits="42" branch="false"/>
            <line number="18" hits="141" branch="true" condition-coverage="100% (2/2)"/>
            <line number="20" hits="2" branch="false"/>
            <line number="22" hits="139" branch="true" condition-coverage="100% (2/2)"/>
            <line number="24" hits="2" branch="false"/>
            <line number="28" hits="218" branch="false"/>
            <line number="31" hits="1" branch="false"/>
            <line number="32" hits="990" branch="true" condition-coverage="100% (2/2)"/>
            <line number="34" hits="924" branch="false"/>
            <line number="36" hits="1619" branch="true" condition-coverage="100% (2/2)"/>
            <line number="38" hits="956" branch="false"/>
            <line number="42" hits="924" branch="false"/>
            <line number="44" hits="1619" branch="true" condition-coverage="100% (6/6)"/>
            <line number="46" hits="218" branch="false"/>
            <line number="47" hits="218" branch="true" condition-coverage="100% (2/2)"/>
            <line number="49" hits="98" branch="false"/>
            <line number="52" hits="218" branch="true" condition-coverage="100% (2/2)"/>
            <line number="54" hits="26" branch="false"/>
            <line number="57" hits="218" branch="false"/>
            <line number="58" hits="218" branch="false"/>
            <line number="60" hits="218" branch="false"/>
            <line number="70" hits="1" branch="false"/>
          </lines>
        </class>
        <class name="extension-transform.js" filename="src/extension-transform.js" line-rate="0.1346" branch-rate="0.10339999999999999">
          <methods>
            <method name="(anonymous_0)" hits="0" signature="()V">
              <lines>
                <line number="1" hits="0"/>
              </lines>
            </method>
            <method name="(anonymous_1)" hits="0" signature="()V">
              <lines>
                <line number="6" hits="0"/>
              </lines>
            </method>
            <method name="(anonymous_2)" hits="0" signature="()V">
              <lines>
                <line number="14" hits="0"/>
              </lines>
            </method>
            <method name="(anonymous_3)" hits="426" signature="()V">
              <lines>
                <line number="17" hits="426"/>
              </lines>
            </method>
            <method name="(anonymous_4)" hits="0" signature="()V">
              <lines>
                <line number="27" hits="0"/>
              </lines>
            </method>
            <method name="(anonymous_5)" hits="0" signature="()V">
              <lines>
                <line number="43" hits="0"/>
              </lines>
            </method>
            <method name="(anonymous_6)" hits="0" signature="()V">
              <lines>
                <line number="116" hits="0"/>
              </lines>
            </method>
            <method name="(anonymous_7)" hits="0" signature="()V">
              <lines>
                <line number="118" hits="0"/>
              </lines>
            </method>
          </methods>
          <lines>
            <line number="1" hits="1" branch="false"/>
            <line number="4" hits="0" branch="true" condition-coverage="0% (0/2)"/>
            <line number="6" hits="0" branch="false"/>
            <line number="9" hits="0" branch="true" condition-coverage="0% (0/2)"/>
            <line number="11" hits="0" branch="false"/>
            <line number="14" hits="0" branch="false"/>
            <line number="17" hits="1" branch="false"/>
            <line number="19" hits="426" branch="true" condition-coverage="50% (1/2)"/>
            <line number="21" hits="0" branch="true" condition-coverage="0% (0/1)"/>
            <line number="24" hits="0" branch="false"/>
            <line number="27" hits="0" branch="false"/>
            <line number="28" hits="0" branch="true" condition-coverage="0% (0/2)"/>
            <line number="32" hits="0" branch="false"/>
            <line number="33" hits="0" branch="false"/>
            <line number="36" hits="0" branch="false"/>
            <line number="37" hits="0" branch="false"/>
            <line number="43" hits="0" branch="false"/>
            <line number="44" hits="0" branch="true" condition-coverage="0% (0/4)"/>
            <line number="47" hits="0" branch="false"/>
            <line number="48" hits="0" branch="false"/>
            <line number="51" hits="0" branch="false"/>
            <line number="52" hits="0" branch="false"/>
            <line number="55" hits="0" branch="false"/>
            <line number="56" hits="0" branch="false"/>
            <line number="59" hits="0" branch="false"/>
            <line number="60" hits="0" branch="false"/>
            <line number="64" hits="0" branch="false"/>
            <line number="79" hits="0" branch="true" condition-coverage="0% (0/2)"/>
            <line number="81" hits="0" branch="false"/>
            <line number="90" hits="0" branch="true" condition-coverage="0% (0/2)"/>
            <line number="92" hits="0" branch="false"/>
            <line number="113" hits="0" branch="false"/>
            <line number="118" hits="0" branch="false"/>
            <line number="119" hits="0" branch="true" condition-coverage="0% (0/2)"/>
            <line number="121" hits="0" branch="false"/>
            <line number="122" hits="0" branch="false"/>
            <line number="126" hits="0" branch="false"/>
            <line number="147" hits="0" branch="true" condition-coverage="0% (0/2)"/>
            <line number="149" hits="0" branch="false"/>
            <line number="150" hits="0" branch="true" condition-coverage="0% (0/4)"/>
            <line number="152" hits="0" branch="false"/>
            <line number="155" hits="0" branch="false"/>
            <line number="168" hits="0" branch="false"/>
            <line number="172" hits="0" branch="false"/>
            <line number="173" hits="0" branch="false"/>
            <line number="174" hits="0" branch="false"/>
            <line number="175" hits="0" branch="false"/>
            <line number="177" hits="0" branch="false"/>
            <line number="180" hits="426" branch="true" condition-coverage="100% (2/2)"/>
            <line number="182" hits="311" branch="false"/>
            <line number="184" hits="392" branch="false"/>
            <line number="189" hits="1" branch="false"/>
          </lines>
        </class>
        <class name="generate-id.js" filename="src/generate-id.js" line-rate="0.5" branch-rate="0">
          <methods>
            <method name="(anonymous_0)" hits="0" signature="()V">
              <lines>
                <line number="1" hits="0"/>
              </lines>
            </method>
            <method name="b" hits="0" signature="()V">
              <lines>
                <line number="2" hits="0"/>
              </lines>
            </method>
          </methods>
          <lines>
            <line number="1" hits="1" branch="false"/>
            <line number="2" hits="0" branch="true" condition-coverage="0% (0/2)"/>
          </lines>
        </class>
        <class name="html-transform.js" filename="src/html-transform.js" line-rate="0.8125" branch-rate="0.7805">
          <methods>
            <method name="(anonymous_0)" hits="38" signature="()V">
              <lines>
                <line number="3" hits="38"/>
              </lines>
            </method>
            <method name="(anonymous_1)" hits="2" signature="()V">
              <lines>
                <line number="9" hits="2"/>
              </lines>
            </method>
            <method name="(anonymous_2)" hits="503" signature="()V">
              <lines>
                <line number="16" hits="503"/>
              </lines>
            </method>
            <method name="(anonymous_3)" hits="4" signature="()V">
              <lines>
                <line number="50" hits="4"/>
              </lines>
            </method>
            <method name="(anonymous_4)" hits="2" signature="()V">
              <lines>
                <line number="80" hits="2"/>
              </lines>
            </method>
            <method name="(anonymous_5)" hits="3" signature="()V">
              <lines>
                <line number="158" hits="3"/>
              </lines>
            </method>
            <method name="(anonymous_6)" hits="3" signature="()V">
              <lines>
                <line number="159" hits="3"/>
              </lines>
            </method>
            <method name="(anonymous_7)" hits="3" signature="()V">
              <lines>
                <line number="167" hits="3"/>
              </lines>
            </method>
          </methods>
          <lines>
            <line number="1" hits="1" branch="false"/>
            <line number="3" hits="1" branch="false"/>
            <line number="4" hits="38" branch="true" condition-coverage="100% (5/5)"/>
            <line number="6" hits="2" branch="false"/>
            <line number="7" hits="2" branch="false"/>
            <line number="9" hits="2" branch="false"/>
            <line number="10" hits="2" branch="true" condition-coverage="50% (1/2)"/>
            <line number="11" hits="2" branch="false"/>
            <line number="16" hits="1" branch="false"/>
            <line number="17" hits="503" branch="true" condition-coverage="100% (2/2)"/>
            <line number="19" hits="387" branch="true" condition-coverage="100% (2/2)"/>
            <line number="21" hits="387" branch="true" condition-coverage="90% (9/10)"/>
            <line number="25" hits="6" branch="true" condition-coverage="50% (1/2)"/>
            <line number="26" hits="6" branch="false"/>
            <line number="27" hits="6" branch="false"/>
            <line number="28" hits="6" branch="false"/>
            <line number="35" hits="6" branch="false"/>
            <line number="38" hits="6" branch="false"/>
            <line number="42" hits="2" branch="false"/>
            <line number="44" hits="2" branch="false"/>
            <line number="45" hits="2" branch="true" condition-coverage="100% (2/2)"/>
            <line number="46" hits="2" branch="false"/>
            <line number="51" hits="4" branch="false"/>
            <line number="52" hits="4" branch="false"/>
            <line number="60" hits="2" branch="false"/>
            <line number="62" hits="2" branch="false"/>
            <line number="70" hits="30" branch="false"/>
            <line number="71" hits="30" branch="false"/>
            <line number="72" hits="30" branch="false"/>
            <line number="74" hits="30" branch="false"/>
            <line number="78" hits="2" branch="false"/>
            <line number="80" hits="2" branch="false"/>
            <line number="81" hits="2" branch="false"/>
            <line number="82" hits="2" branch="false"/>
            <line number="84" hits="0" branch="false"/>
            <line number="85" hits="0" branch="false"/>
            <line number="88" hits="2" branch="true" condition-coverage="50% (1/2)"/>
            <line number="90" hits="2" branch="false"/>
            <line number="101" hits="2" branch="false"/>
            <line number="107" hits="2" branch="false"/>
            <line number="109" hits="2" branch="false"/>
            <line number="112" hits="1" branch="false"/>
            <line number="114" hits="1" branch="false"/>
            <line number="120" hits="0" branch="false"/>
            <line number="121" hits="0" branch="false"/>
            <line number="122" hits="0" branch="false"/>
            <line number="124" hits="0" branch="true" condition-coverage="0% (0/2)"/>
            <line number="127" hits="0" branch="false"/>
            <line number="128" hits="0" branch="false"/>
            <line number="131" hits="0" branch="false"/>
            <line number="132" hits="0" branch="false"/>
            <line number="135" hits="0" branch="false"/>
            <line number="136" hits="0" branch="true" condition-coverage="0% (0/2)"/>
            <line number="137" hits="0" branch="false"/>
            <line number="138" hits="0" branch="false"/>
            <line number="139" hits="0" branch="false"/>
            <line number="142" hits="4" branch="false"/>
            <line number="143" hits="4" branch="true" condition-coverage="100% (4/4)"/>
            <line number="145" hits="1" branch="false"/>
            <line number="147" hits="4" branch="true" condition-coverage="50% (1/2)"/>
            <line number="148" hits="4" branch="false"/>
            <line number="149" hits="4" branch="false"/>
            <line number="150" hits="4" branch="false"/>
            <line number="153" hits="2" branch="false"/>
            <line number="154" hits="2" branch="false"/>
            <line number="155" hits="2" branch="false"/>
            <line number="157" hits="2" branch="false"/>
            <line number="158" hits="2" branch="false"/>
            <line number="159" hits="3" branch="false"/>
            <line number="160" hits="3" branch="false"/>
            <line number="164" hits="2" branch="false"/>
            <line number="168" hits="3" branch="false"/>
            <line number="181" hits="2" branch="false"/>
            <line number="182" hits="2" branch="false"/>
            <line number="183" hits="2" branch="false"/>
            <line number="186" hits="387" branch="true" condition-coverage="100% (2/2)"/>
            <line number="189" hits="503" branch="true" condition-coverage="100% (2/2)"/>
            <line number="191" hits="388" branch="false"/>
            <line number="193" hits="469" branch="false"/>
            <line number="198" hits="1" branch="false"/>
          </lines>
        </class>
        <class name="list-styles-parser.js" filename="src/list-styles-parser.js" line-rate="0.5" branch-rate="0.5">
          <methods>
            <method name="(anonymous_0)" hits="4" signature="()V">
              <lines>
                <line number="1" hits="4"/>
              </lines>
            </method>
            <method name="(anonymous_1)" hits="8" signature="()V">
              <lines>
                <line number="4" hits="8"/>
              </lines>
            </method>
            <method name="(anonymous_2)" hits="0" signature="()V">
              <lines>
                <line number="20" hits="0"/>
              </lines>
            </method>
          </methods>
          <lines>
            <line number="1" hits="1" branch="false"/>
            <line number="2" hits="4" branch="false"/>
            <line number="4" hits="4" branch="false"/>
            <line number="5" hits="8" branch="true" condition-coverage="50% (1/2)"/>
            <line number="8" hits="4" branch="false"/>
            <line number="9" hits="4" branch="false"/>
            <line number="12" hits="0" branch="false"/>
            <line number="13" hits="0" branch="false"/>
            <line number="17" hits="4" branch="false"/>
            <line number="20" hits="1" branch="false"/>
            <line number="21" hits="0" branch="false"/>
            <line number="22" hits="0" branch="false"/>
            <line number="24" hits="0" branch="false"/>
            <line number="25" hits="0" branch="false"/>
            <line number="26" hits="0" branch="false"/>
            <line number="27" hits="0" branch="false"/>
            <line number="30" hits="0" branch="false"/>
            <line number="33" hits="1" branch="false"/>
          </lines>
        </class>
        <class name="name-transformer.js" filename="src/name-transformer.js" line-rate="1" branch-rate="1">
          <methods>
            <method name="(anonymous_0)" hits="426" signature="()V">
              <lines>
                <line number="1" hits="426"/>
              </lines>
            </method>
          </methods>
          <lines>
            <line number="1" hits="1" branch="false"/>
            <line number="2" hits="426" branch="true" condition-coverage="100% (2/2)"/>
            <line number="4" hits="310" branch="true" condition-coverage="100% (2/2)"/>
            <line number="6" hits="136" branch="false"/>
            <line number="10" hits="426" branch="false"/>
            <line number="12" hits="392" branch="false"/>
            <line number="16" hits="1" branch="false"/>
            <line number="41" hits="1" branch="false"/>
          </lines>
        </class>
        <class name="score-action-parser.js" filename="src/score-action-parser.js" line-rate="1" branch-rate="1">
          <methods>
            <method name="(anonymous_0)" hits="2" signature="()V">
              <lines>
                <line number="1" hits="2"/>
              </lines>
            </method>
            <method name="(anonymous_1)" hits="3" signature="()V">
              <lines>
                <line number="3" hits="3"/>
              </lines>
            </method>
            <method name="(anonymous_2)" hits="3" signature="()V">
              <lines>
                <line number="7" hits="3"/>
              </lines>
            </method>
          </methods>
          <lines>
            <line number="1" hits="1" branch="false"/>
            <line number="2" hits="2" branch="false"/>
            <line number="3" hits="3" branch="false"/>
            <line number="7" hits="1" branch="false"/>
            <line number="8" hits="3" branch="false"/>
            <line number="16" hits="1" branch="false"/>
          </lines>
        </class>
        <class name="text-group-parser.js" filename="src/text-group-parser.js" line-rate="0.46149999999999997" branch-rate="0.3529">
          <methods>
            <method name="(anonymous_0)" hits="64" signature="()V">
              <lines>
                <line number="1" hits="64"/>
              </lines>
            </method>
            <method name="(anonymous_1)" hits="76" signature="()V">
              <lines>
                <line number="15" hits="76"/>
              </lines>
            </method>
            <method name="(anonymous_2)" hits="76" signature="()V">
              <lines>
                <line number="41" hits="76"/>
              </lines>
            </method>
          </methods>
          <lines>
            <line number="1" hits="1" branch="false"/>
            <line number="4" hits="64" branch="false"/>
            <line number="6" hits="64" branch="false"/>
            <line number="7" hits="76" branch="false"/>
            <line number="12" hits="64" branch="false"/>
            <line number="15" hits="1" branch="false"/>
            <line number="19" hits="76" branch="false"/>
            <line number="29" hits="76" branch="false"/>
            <line number="31" hits="76" branch="false"/>
            <line number="38" hits="76" branch="false"/>
            <line number="41" hits="1" branch="false"/>
            <line number="42" hits="76" branch="true" condition-coverage="50% (1/2)"/>
            <line number="43" hits="76" branch="true" condition-coverage="75% (3/4)"/>
            <line number="44" hits="76" branch="false"/>
            <line number="47" hits="76" branch="false"/>
            <line number="48" hits="76" branch="false"/>
            <line number="49" hits="76" branch="false"/>
            <line number="53" hits="0" branch="false"/>
            <line number="54" hits="0" branch="false"/>
            <line number="56" hits="0" branch="true" condition-coverage="0% (0/5)"/>
            <line number="58" hits="0" branch="false"/>
            <line number="59" hits="0" branch="true" condition-coverage="0% (0/4)"/>
            <line number="60" hits="0" branch="false"/>
            <line number="62" hits="0" branch="false"/>
            <line number="65" hits="0" branch="false"/>
            <line number="68" hits="0" branch="false"/>
            <line number="71" hits="0" branch="false"/>
            <line number="72" hits="0" branch="false"/>
            <line number="75" hits="0" branch="false"/>
            <line number="76" hits="0" branch="false"/>
            <line number="77" hits="0" branch="false"/>
            <line number="80" hits="0" branch="false"/>
            <line number="81" hits="0" branch="false"/>
            <line number="84" hits="0" branch="false"/>
            <line number="91" hits="0" branch="false"/>
            <line number="93" hits="0" branch="false"/>
            <line number="94" hits="0" branch="false"/>
            <line number="97" hits="0" branch="false"/>
            <line number="100" hits="1" branch="false"/>
          </lines>
        </class>
        <class name="triggers-parser.js" filename="src/triggers-parser.js" line-rate="1" branch-rate="0.7">
          <methods>
            <method name="(anonymous_0)" hits="1" signature="()V">
              <lines>
                <line number="1" hits="1"/>
              </lines>
            </method>
            <method name="(anonymous_1)" hits="1" signature="()V">
              <lines>
                <line number="2" hits="1"/>
              </lines>
            </method>
            <method name="(anonymous_2)" hits="1" signature="()V">
              <lines>
                <line number="12" hits="1"/>
              </lines>
            </method>
            <method name="(anonymous_3)" hits="1" signature="()V">
              <lines>
                <line number="13" hits="1"/>
              </lines>
            </method>
            <method name="(anonymous_4)" hits="1" signature="()V">
              <lines>
                <line number="23" hits="1"/>
              </lines>
            </method>
          </methods>
          <lines>
            <line number="1" hits="1" branch="false"/>
            <line number="2" hits="1" branch="false"/>
            <line number="3" hits="1" branch="false"/>
            <line number="9" hits="1" branch="false"/>
            <line number="12" hits="1" branch="false"/>
            <line number="13" hits="1" branch="false"/>
            <line number="14" hits="1" branch="false"/>
            <line number="15" hits="1" branch="false"/>
            <line number="18" hits="1" branch="true" condition-coverage="50% (1/2)"/>
            <line number="19" hits="1" branch="false"/>
            <line number="23" hits="1" branch="false"/>
            <line number="24" hits="1" branch="true" condition-coverage="75% (3/4)"/>
            <line number="25" hits="1" branch="true" condition-coverage="75% (3/4)"/>
            <line number="26" hits="1" branch="false"/>
            <line number="27" hits="1" branch="false"/>
            <line number="28" hits="2" branch="false"/>
            <line number="31" hits="1" branch="false"/>
            <line number="34" hits="1" branch="false"/>
          </lines>
        </class>
      </classes>
    </package>
  </packages>
</coverage>
